#
# A fatal error has been detected by the Java Runtime Environment:
#
#  EXCEPTION_ACCESS_VIOLATION (0xc0000005) at pc=0x0000000073fc3bba, pid=17580, tid=29048
#
# JRE version: Java(TM) SE Runtime Environment (8.0_45-b14) (build 1.8.0_45-b14)
# Java VM: Java HotSpot(TM) 64-Bit Server VM (25.45-b02 mixed mode windows-amd64 compressed oops)
# Problematic frame:
# C  [glass.dll+0x23bba]
#
# Failed to write core dump. Minidumps are not enabled by default on client versions of Windows
#
# If you would like to submit a bug report, please visit:
#   http://bugreport.java.com/bugreport/crash.jsp
#

---------------  T H R E A D  ---------------

Current thread (0x000000002f457800):  VMThread [stack: 0x0000000031140000,0x0000000031240000] [id=29048]

siginfo: ExceptionCode=0xc0000005, reading address 0x0000000000000000

Registers:
RAX=0x0000000000000000, RBX=0x00000000314d27f8, RCX=0x000000002f457800, RDX=0x00000000314d27f8
RSP=0x000000003123f650, RBP=0x00000000316047f0, RSI=0x0000000000000001, RDI=0x0000000000000000
R8 =0x0000000000010002, R9 =0x0000000000000001, R10=0x0000000000008000, R11=0x000000003123f5e0
R12=0x00000000316047e0, R13=0x0000000000000000, R14=0x0000000031604810, R15=0x00000000316047e0
RIP=0x0000000073fc3bba, EFLAGS=0x0000000000010206

Top of Stack: (sp=0x000000003123f650)
0x000000003123f650:   0000000000000000 0000000000000001
0x000000003123f660:   0000000000000001 00000000316047e0
0x000000003123f670:   0000000073fc3ba0 0000000073fc1483
0x000000003123f680:   00007ffb0db50000 0000000073fc3d90
0x000000003123f690:   0000000031604808 0000000000000001
0x000000003123f6a0:   0000000000000001 0000000073fa0000
0x000000003123f6b0:   0000000002812668 0000000073fc16cd
0x000000003123f6c0:   0000000000000001 000000002f2e56d0
0x000000003123f6d0:   0000000000000000 0000000073fa0000
0x000000003123f6e0:   c000000500000001 000000003123e740
0x000000003123f6f0:   0000000073fc1724 00007ffb11789a1d
0x000000003123f700:   000000007ffe0385 0000000000000000
0x000000003123f710:   000000007ffe0384 000000007ffe0385
0x000000003123f720:   0000000000000000 00007ffb117cdd61
0x000000003123f730:   00001085c2e27900 0000000000a3da50
0x000000003123f740:   0000000000000000 0000000073fc1724 

Instructions: (pc=0x0000000073fc3bba)
0x0000000073fc3b9a:   ff ff cc cc cc cc 40 53 48 83 ec 20 48 8b 1d 93
0x0000000073fc3baa:   58 01 00 48 85 db 74 15 e8 99 96 ff ff 48 8b d3
0x0000000073fc3bba:   4c 8b 00 48 8b c8 41 ff 90 b0 00 00 00 48 83 c4
0x0000000073fc3bca:   20 5b c3 cc cc cc 40 53 48 83 ec 20 48 8b 1d 0b 


Register to memory mapping:

RAX=0x0000000000000000 is an unknown value
RBX=0x00000000314d27f8 is a global jni handle
RCX=0x000000002f457800 is an unknown value
RDX=0x00000000314d27f8 is a global jni handle
RSP=0x000000003123f650 is an unknown value
RBP=0x00000000316047f0 is an unknown value
RSI=0x0000000000000001 is an unknown value
RDI=0x0000000000000000 is an unknown value
R8 =0x0000000000010002 is an unknown value
R9 =0x0000000000000001 is an unknown value
R10=0x0000000000008000 is an unknown value
R11=0x000000003123f5e0 is an unknown value
R12=0x00000000316047e0 is an unknown value
R13=0x0000000000000000 is an unknown value
R14=0x0000000031604810 is an unknown value
R15=0x00000000316047e0 is an unknown value


Stack: [0x0000000031140000,0x0000000031240000],  sp=0x000000003123f650,  free space=1021k
Native frames: (J=compiled Java code, j=interpreted, Vv=VM code, C=native code)
C  [glass.dll+0x23bba]
C  [glass.dll+0x21483]
C  [glass.dll+0x216cd]
C  [ntdll.dll+0x19a1d]
C  [ntdll.dll+0x5db91]
C  [ntdll.dll+0x5da2d]
C  [KERNEL32.DLL+0x1e0ab]
C  [msvcr100.dll+0x20ccd]
V  [jvm.dll+0x20f135]
V  [jvm.dll+0x247ef7]
V  [jvm.dll+0x247196]
V  [jvm.dll+0x247631]
V  [jvm.dll+0x24784e]
V  [jvm.dll+0x29853a]
C  [msvcr100.dll+0x21d9f]
C  [msvcr100.dll+0x21e3b]
C  [KERNEL32.DLL+0x17034]
C  [ntdll.dll+0x52651]

VM_Operation (0x0000000031b3ef60): Exit, mode: safepoint, requested by thread 0x00000000325ee800


---------------  P R O C E S S  ---------------

Java Threads: ( => current thread )
  0x00000000325ee800 JavaThread "SIGINT handler" daemon [_thread_blocked, id=21252, stack(0x0000000031a40000,0x0000000031b40000)]
  0x000000003a97a800 JavaThread "Prism Font Disposer" daemon [_thread_blocked, id=10524, stack(0x000000003f560000,0x000000003f660000)]
  0x000000003264d000 JavaThread "JavaFX-Launcher" [_thread_blocked, id=22060, stack(0x000000003a0d0000,0x000000003a1d0000)]
  0x00000000325b3000 JavaThread "pool-2-thread-4" [_thread_in_native, id=21128, stack(0x0000000039fd0000,0x000000003a0d0000)]
  0x00000000325b2000 JavaThread "pool-2-thread-3" [_thread_in_native, id=17304, stack(0x0000000039ed0000,0x0000000039fd0000)]
  0x00000000325ad000 JavaThread "pool-2-thread-2" [_thread_blocked, id=28796, stack(0x0000000039bd0000,0x0000000039cd0000)]
  0x00000000325aa000 JavaThread "pool-2-thread-1" [_thread_in_native, id=22604, stack(0x0000000039ad0000,0x0000000039bd0000)]
  0x0000000032540000 JavaThread "Thread-2" daemon [_thread_in_native, id=20040, stack(0x00000000399d0000,0x0000000039ad0000)]
  0x000000003248f000 JavaThread "JavaFX Application Thread" [_thread_blocked, id=18108, stack(0x00000000330b0000,0x00000000331b0000)]
  0x000000003248d800 JavaThread "Thread-1" daemon [_thread_blocked, id=30084, stack(0x0000000032fb0000,0x00000000330b0000)]
  0x00000000323f7800 JavaThread "QuantumRenderer-0" daemon [_thread_blocked, id=20572, stack(0x0000000032bb0000,0x0000000032cb0000)]
  0x0000000031606800 JavaThread "Service Thread" daemon [_thread_blocked, id=30688, stack(0x00000000321b0000,0x00000000322b0000)]
  0x0000000031584000 JavaThread "C1 CompilerThread3" daemon [_thread_blocked, id=30252, stack(0x00000000320b0000,0x00000000321b0000)]
  0x0000000031581800 JavaThread "C2 CompilerThread2" daemon [_thread_blocked, id=26956, stack(0x0000000031fb0000,0x00000000320b0000)]
  0x000000003157d000 JavaThread "C2 CompilerThread1" daemon [_thread_blocked, id=24824, stack(0x0000000031eb0000,0x0000000031fb0000)]
  0x000000003157a800 JavaThread "C2 CompilerThread0" daemon [_thread_blocked, id=26252, stack(0x0000000031db0000,0x0000000031eb0000)]
  0x00000000314dd800 JavaThread "JDWP Event Helper Thread" daemon [_thread_blocked, id=29008, stack(0x0000000031bb0000,0x0000000031cb0000)]
  0x00000000314cf000 JavaThread "Attach Listener" daemon [_thread_blocked, id=30376, stack(0x0000000031940000,0x0000000031a40000)]
  0x000000002f45d000 JavaThread "Finalizer" daemon [_thread_blocked, id=30524, stack(0x0000000031340000,0x0000000031440000)]
  0x000000002f45b800 JavaThread "Reference Handler" daemon [_thread_blocked, id=29708, stack(0x0000000031240000,0x0000000031340000)]
  0x0000000002d43800 JavaThread "main" [_thread_blocked, id=20080, stack(0x00000000026c0000,0x00000000027c0000)]

Other Threads:
=>0x000000002f457800 VMThread [stack: 0x0000000031140000,0x0000000031240000] [id=29048]

VM state:at safepoint (shutting down)

VM Mutex/Monitor currently owned by a thread:  ([mutex/lock_event])
[0x0000000002d40650] Threads_lock - owner thread: 0x000000002f457800

Heap:
 PSYoungGen      total 229376K, used 55421K [0x00000006c0580000, 0x00000006d0580000, 0x00000007c0000000)
  eden space 196608K, 28% used [0x00000006c0580000,0x00000006c3b9f6f8,0x00000006cc580000)
  from space 32768K, 0% used [0x00000006cc580000,0x00000006cc580000,0x00000006ce580000)
  to   space 32768K, 0% used [0x00000006ce580000,0x00000006ce580000,0x00000006d0580000)
 ParOldGen       total 354816K, used 6910K [0x00000004c1000000, 0x00000004d6a80000, 0x00000006c0580000)
  object space 354816K, 1% used [0x00000004c1000000,0x00000004c16bfa88,0x00000004d6a80000)
 Metaspace       used 25260K, capacity 26749K, committed 26880K, reserved 1073152K
  class space    used 3517K, capacity 3796K, committed 3840K, reserved 1048576K

Card table byte_map: [0x0000000012200000,0x0000000013a00000] byte_map_base: 0x000000000fbf8000

Marking Bits: (ParMarkBitMap*) 0x0000000074914040
 Begin Bits: [0x0000000015200000, 0x00000000211c0000)
 End Bits:   [0x00000000211c0000, 0x000000002d180000)

Polling page: 0x0000000000f00000

CodeCache: size=245760Kb used=10421Kb max_used=10421Kb free=235338Kb
 bounds [0x0000000002e40000, 0x0000000003880000, 0x0000000011e40000]
 total_blobs=3862 nmethods=3149 adapters=633
 compilation: enabled

Compilation events (10 events):
Event: 6.413 Thread 0x0000000031584000 nmethod 3145 0x0000000003867090 code [0x0000000003867240, 0x00000000038676a8]
Event: 11.417 Thread 0x0000000031584000 3147       3       java.io.File::getAbsolutePath (8 bytes)
Event: 11.417 Thread 0x0000000031584000 nmethod 3147 0x00000000038678d0 code [0x0000000003867a40, 0x0000000003867be8]
Event: 26.426 Thread 0x0000000031584000 3148   !   3       java.io.WinNTFileSystem::resolve (362 bytes)
Event: 26.428 Thread 0x0000000031584000 nmethod 3148 0x0000000003867c90 code [0x00000000038684a0, 0x000000000386db88]
Event: 31.429 Thread 0x0000000031584000 3149       3       java.io.File::<init> (80 bytes)
Event: 31.429 Thread 0x0000000031584000 nmethod 3149 0x0000000003871550 code [0x00000000038716c0, 0x0000000003871968]
Event: 48.652 Thread 0x0000000031584000 3150   !   3       java.util.logging.LogManager::ensureLogManagerInitialized (128 bytes)
Event: 48.652 Thread 0x0000000031584000 nmethod 3150 0x0000000003871a90 code [0x0000000003871c40, 0x00000000038722e8]
Event: 48.652 Thread 0x0000000031584000 3155       3       java.lang.invoke.InnerClassLambdaMetafactory::<init> (262 bytes)

GC Heap History (4 events):
Event: 1.350 GC heap before
{Heap before GC invocations=1 (full 0):
 PSYoungGen      total 229376K, used 110211K [0x00000006c0580000, 0x00000006d0580000, 0x00000007c0000000)
  eden space 196608K, 56% used [0x00000006c0580000,0x00000006c7120da0,0x00000006cc580000)
  from space 32768K, 0% used [0x00000006ce580000,0x00000006ce580000,0x00000006d0580000)
  to   space 32768K, 0% used [0x00000006cc580000,0x00000006cc580000,0x00000006ce580000)
 ParOldGen       total 524288K, used 0K [0x00000004c1000000, 0x00000004e1000000, 0x00000006c0580000)
  object space 524288K, 0% used [0x00000004c1000000,0x00000004c1000000,0x00000004e1000000)
 Metaspace       used 20331K, capacity 21145K, committed 21296K, reserved 1067008K
  class space    used 2759K, capacity 2944K, committed 2944K, reserved 1048576K
Event: 1.355 GC heap after
Heap after GC invocations=1 (full 0):
 PSYoungGen      total 229376K, used 7088K [0x00000006c0580000, 0x00000006d0580000, 0x00000007c0000000)
  eden space 196608K, 0% used [0x00000006c0580000,0x00000006c0580000,0x00000006cc580000)
  from space 32768K, 21% used [0x00000006cc580000,0x00000006ccc6c3b0,0x00000006ce580000)
  to   space 32768K, 0% used [0x00000006ce580000,0x00000006ce580000,0x00000006d0580000)
 ParOldGen       total 524288K, used 103K [0x00000004c1000000, 0x00000004e1000000, 0x00000006c0580000)
  object space 524288K, 0% used [0x00000004c1000000,0x00000004c1019c70,0x00000004e1000000)
 Metaspace       used 20331K, capacity 21145K, committed 21296K, reserved 1067008K
  class space    used 2759K, capacity 2944K, committed 2944K, reserved 1048576K
}
Event: 1.355 GC heap before
{Heap before GC invocations=2 (full 1):
 PSYoungGen      total 229376K, used 7088K [0x00000006c0580000, 0x00000006d0580000, 0x00000007c0000000)
  eden space 196608K, 0% used [0x00000006c0580000,0x00000006c0580000,0x00000006cc580000)
  from space 32768K, 21% used [0x00000006cc580000,0x00000006ccc6c3b0,0x00000006ce580000)
  to   space 32768K, 0% used [0x00000006ce580000,0x00000006ce580000,0x00000006d0580000)
 ParOldGen       total 524288K, used 103K [0x00000004c1000000, 0x00000004e1000000, 0x00000006c0580000)
  object space 524288K, 0% used [0x00000004c1000000,0x00000004c1019c70,0x00000004e1000000)
 Metaspace       used 20331K, capacity 21145K, committed 21296K, reserved 1067008K
  class space    used 2759K, capacity 2944K, committed 2944K, reserved 1048576K
Event: 1.370 GC heap after
Heap after GC invocations=2 (full 1):
 PSYoungGen      total 229376K, used 0K [0x00000006c0580000, 0x00000006d0580000, 0x00000007c0000000)
  eden space 196608K, 0% used [0x00000006c0580000,0x00000006c0580000,0x00000006cc580000)
  from space 32768K, 0% used [0x00000006cc580000,0x00000006cc580000,0x00000006ce580000)
  to   space 32768K, 0% used [0x00000006ce580000,0x00000006ce580000,0x00000006d0580000)
 ParOldGen       total 354816K, used 6910K [0x00000004c1000000, 0x00000004d6a80000, 0x00000006c0580000)
  object space 354816K, 1% used [0x00000004c1000000,0x00000004c16bfa88,0x00000004d6a80000)
 Metaspace       used 20329K, capacity 21139K, committed 21296K, reserved 1067008K
  class space    used 2758K, capacity 2943K, committed 2944K, reserved 1048576K
}

Deoptimization events (10 events):
Event: 2.586 Thread 0x000000003248f000 Uncommon trap: reason=class_check action=maybe_recompile pc=0x00000000033ef5a8 method=java.io.FilterInputStream.read()I @ 4
Event: 2.586 Thread 0x000000003248f000 Uncommon trap: reason=class_check action=maybe_recompile pc=0x00000000033ef5a8 method=java.io.FilterInputStream.read()I @ 4
Event: 2.586 Thread 0x000000003248f000 Uncommon trap: reason=class_check action=maybe_recompile pc=0x00000000033ef5a8 method=java.io.FilterInputStream.read()I @ 4
Event: 2.586 Thread 0x000000003248f000 Uncommon trap: reason=class_check action=maybe_recompile pc=0x00000000033ef5a8 method=java.io.FilterInputStream.read()I @ 4
Event: 2.600 Thread 0x000000003248f000 Uncommon trap: reason=unstable_if action=reinterpret pc=0x00000000034c9d08 method=com.sun.javafx.css.StyleManager.getStyleMap(Ljavafx/css/Styleable;Ljavafx/scene/SubScene;I)Lcom/sun/javafx/css/StyleMap; @ 2
Event: 2.621 Thread 0x000000003248f000 Uncommon trap: reason=class_check action=maybe_recompile pc=0x000000000364a47c method=javafx.scene.Node.updateLocalToParentTransform()V @ 11
Event: 2.621 Thread 0x000000003248f000 Uncommon trap: reason=class_check action=maybe_recompile pc=0x000000000364a47c method=javafx.scene.Node.updateLocalToParentTransform()V @ 11
Event: 2.621 Thread 0x000000003248f000 Uncommon trap: reason=class_check action=maybe_recompile pc=0x000000000364a47c method=javafx.scene.Node.updateLocalToParentTransform()V @ 11
Event: 2.621 Thread 0x000000003248f000 Uncommon trap: reason=class_check action=maybe_recompile pc=0x000000000364a47c method=javafx.scene.Node.updateLocalToParentTransform()V @ 11
Event: 2.815 Thread 0x000000003248f000 Uncommon trap: reason=unstable_if action=reinterpret pc=0x000000000371c23c method=javafx.scene.Node.impl_intersectsBounds(Lcom/sun/javafx/geom/PickRay;)D @ 131

Internal exceptions (10 events):
Event: 0.750 Thread 0x000000003248f000 Exception <a 'java/lang/reflect/InvocationTargetException'> (0x00000006c57d6b28) thrown at [C:\re\workspace\8-2-build-windows-amd64-cygwin\jdk8u45\3457\hotspot\src\share\vm\runtime\reflection.cpp, line 1080]
Event: 0.750 Thread 0x000000003248f000 Exception <a 'java/lang/NoClassDefFoundError': org/apache/commons/logging/LogFactory> (0x00000006c57dbe08) thrown at [C:\re\workspace\8-2-build-windows-amd64-cygwin\jdk8u45\3457\hotspot\src\share\vm\classfile\systemDictionary.cpp, line 199]
Event: 0.751 Thread 0x000000003248f000 Exception <a 'java/lang/reflect/InvocationTargetException'> (0x00000006c57dc148) thrown at [C:\re\workspace\8-2-build-windows-amd64-cygwin\jdk8u45\3457\hotspot\src\share\vm\runtime\reflection.cpp, line 1080]
Event: 0.751 Thread 0x000000003248f000 Exception <a 'java/lang/NoClassDefFoundError': org/apache/logging/log4j/LogManager> (0x00000006c57e1240) thrown at [C:\re\workspace\8-2-build-windows-amd64-cygwin\jdk8u45\3457\hotspot\src\share\vm\classfile\systemDictionary.cpp, line 199]
Event: 0.751 Thread 0x000000003248f000 Exception <a 'java/lang/reflect/InvocationTargetException'> (0x00000006c57e1580) thrown at [C:\re\workspace\8-2-build-windows-amd64-cygwin\jdk8u45\3457\hotspot\src\share\vm\runtime\reflection.cpp, line 1080]
Event: 0.751 Thread 0x000000003248f000 Exception <a 'java/lang/NoClassDefFoundError': org/apache/log4j/Priority> (0x00000006c57e5fa8) thrown at [C:\re\workspace\8-2-build-windows-amd64-cygwin\jdk8u45\3457\hotspot\src\share\vm\classfile\systemDictionary.cpp, line 199]
Event: 1.498 Thread 0x000000003248f000 Implicit null exception at 0x00000000033f64c7 to 0x00000000033f6f2d
Event: 1.521 Thread 0x000000003248f000 Implicit null exception at 0x0000000003402931 to 0x0000000003402ff5
Event: 2.581 Thread 0x000000003248f000 Implicit null exception at 0x0000000003661cc4 to 0x000000000366f795
Event: 48.652 Thread 0x00000000325f0000 Exception <a 'java/lang/IllegalStateException'> (0x00000006c3a8cef0) thrown at [C:\re\workspace\8-2-build-windows-amd64-cygwin\jdk8u45\3457\hotspot\src\share\vm\prims\jvm.cpp, line 1386]

Events (10 events):
Event: 48.651 Thread 0x00000000325f0000 Thread added: 0x00000000325f0000
Event: 48.651 Thread 0x00000000325ef800 Thread added: 0x00000000325ef800
Event: 48.652 loading class com/sun/javafx/tk/quantum/QuantumRenderer
Event: 48.652 loading class com/sun/javafx/tk/quantum/QuantumRenderer done
Event: 48.652 Thread 0x00000000325ef800 Thread exited: 0x00000000325ef800
Event: 48.652 loading class com/sun/javafx/tk/quantum/QuantumToolkit
Event: 48.652 loading class com/sun/javafx/tk/quantum/QuantumToolkit done
Event: 48.652 Thread 0x00000000325f0000 Thread exited: 0x00000000325f0000
Event: 48.653 Thread 0x00000000314ce800 Thread exited: 0x00000000314ce800
Event: 48.653 Executing VM operation: Exit


Dynamic libraries:
0x00007ff610260000 - 0x00007ff610297000 	J:\java8\bin\java.exe
0x00007ffb11770000 - 0x00007ffb11965000 	C:\WINDOWS\SYSTEM32\ntdll.dll
0x00007ffb104c0000 - 0x00007ffb1057d000 	C:\WINDOWS\System32\KERNEL32.DLL
0x00007ffb0ef60000 - 0x00007ffb0f229000 	C:\WINDOWS\System32\KERNELBASE.dll
0x00007ffb0fdb0000 - 0x00007ffb0fe5c000 	C:\WINDOWS\System32\ADVAPI32.dll
0x00007ffb10bd0000 - 0x00007ffb10c6e000 	C:\WINDOWS\System32\msvcrt.dll
0x00007ffb115b0000 - 0x00007ffb1164b000 	C:\WINDOWS\System32\sechost.dll
0x00007ffb10a90000 - 0x00007ffb10bba000 	C:\WINDOWS\System32\RPCRT4.dll
0x00007ffb11410000 - 0x00007ffb115b0000 	C:\WINDOWS\System32\USER32.dll
0x00007ffb0ef00000 - 0x00007ffb0ef22000 	C:\WINDOWS\System32\win32u.dll
0x00007ffb0fd80000 - 0x00007ffb0fdaa000 	C:\WINDOWS\System32\GDI32.dll
0x00007ffb0f630000 - 0x00007ffb0f73b000 	C:\WINDOWS\System32\gdi32full.dll
0x00007ffb0f740000 - 0x00007ffb0f7dd000 	C:\WINDOWS\System32\msvcp_win.dll
0x00007ffb0f530000 - 0x00007ffb0f630000 	C:\WINDOWS\System32\ucrtbase.dll
0x00007ffb03c50000 - 0x00007ffb03eea000 	C:\WINDOWS\WinSxS\amd64_microsoft.windows.common-controls_6595b64144ccf1df_6.0.19041.1083_none_60bbe31371f34e71\COMCTL32.dll
0x00007ffb10a60000 - 0x00007ffb10a90000 	C:\WINDOWS\System32\IMM32.DLL
0x00000000749a0000 - 0x0000000074a72000 	J:\java8\jre\bin\msvcr100.dll
0x0000000074110000 - 0x0000000074993000 	J:\java8\jre\bin\server\jvm.dll
0x00007ffb102e0000 - 0x00007ffb102e8000 	C:\WINDOWS\System32\PSAPI.DLL
0x00007ffaf37b0000 - 0x00007ffaf37b9000 	C:\WINDOWS\SYSTEM32\WSOCK32.dll
0x00007ffb10380000 - 0x00007ffb103eb000 	C:\WINDOWS\System32\WS2_32.dll
0x00007ffb05950000 - 0x00007ffb05977000 	C:\WINDOWS\SYSTEM32\WINMM.dll
0x00007ffb0ea40000 - 0x00007ffb0ea4a000 	C:\WINDOWS\SYSTEM32\VERSION.dll
0x0000000075100000 - 0x000000007510f000 	J:\java8\jre\bin\verify.dll
0x00000000750d0000 - 0x00000000750f9000 	J:\java8\jre\bin\java.dll
0x0000000073ef0000 - 0x0000000073f25000 	J:\java8\jre\bin\jdwp.dll
0x00000000750a0000 - 0x00000000750a8000 	J:\java8\jre\bin\npt.dll
0x00000000740e0000 - 0x0000000074103000 	J:\java8\jre\bin\instrument.dll
0x00000000750b0000 - 0x00000000750c6000 	J:\java8\jre\bin\zip.dll
0x00007ffb10c70000 - 0x00007ffb113af000 	C:\WINDOWS\System32\SHELL32.dll
0x00007ffb0cf70000 - 0x00007ffb0d701000 	C:\WINDOWS\SYSTEM32\windows.storage.dll
0x00007ffb10580000 - 0x00007ffb108d5000 	C:\WINDOWS\System32\combase.dll
0x00007ffb0e8b0000 - 0x00007ffb0e8dc000 	C:\WINDOWS\SYSTEM32\Wldp.dll
0x00007ffb0f7e0000 - 0x00007ffb0f88e000 	C:\WINDOWS\System32\SHCORE.dll
0x00007ffb10450000 - 0x00007ffb104a5000 	C:\WINDOWS\System32\shlwapi.dll
0x00007ffb0edf0000 - 0x00007ffb0ee0f000 	C:\WINDOWS\SYSTEM32\profapi.dll
0x0000000073ee0000 - 0x0000000073ee9000 	J:\java8\jre\bin\dt_socket.dll
0x00007ffaf7250000 - 0x00007ffaf7270000 	C:\WINDOWS\system32\PrxerDrv.dll
0x00007ffb0e610000 - 0x00007ffb0e67a000 	C:\WINDOWS\system32\mswsock.dll
0x00007ffb05490000 - 0x00007ffb054ac000 	C:\WINDOWS\System32\PrxerNsp.dll
0x0000000073ff0000 - 0x000000007401c000 	J:\java8\jre\bin\prism_d3d.dll
0x00007ffb06230000 - 0x00007ffb063fe000 	C:\WINDOWS\system32\d3d9.dll
0x00007ffb0cd70000 - 0x00007ffb0cd82000 	C:\WINDOWS\SYSTEM32\kernel.appcore.dll
0x00007ffb0ca80000 - 0x00007ffb0caaf000 	C:\WINDOWS\SYSTEM32\dwmapi.dll
0x00007ffb0c810000 - 0x00007ffb0c8ae000 	C:\WINDOWS\system32\uxtheme.dll
0x00007ffb0ea50000 - 0x00007ffb0ea62000 	C:\WINDOWS\SYSTEM32\msasn1.dll
0x00007ffb08b40000 - 0x00007ffb08b71000 	C:\WINDOWS\SYSTEM32\cryptnet.dll
0x00007ffb0f3d0000 - 0x00007ffb0f52f000 	C:\WINDOWS\System32\CRYPT32.dll
0x00007ffb0e7f0000 - 0x00007ffb0e7fc000 	C:\WINDOWS\SYSTEM32\cryptbase.dll
0x00007ffb0f370000 - 0x00007ffb0f3d0000 	C:\WINDOWS\System32\WINTRUST.DLL
0x00007ffb102c0000 - 0x00007ffb102dd000 	C:\WINDOWS\System32\imagehlp.dll
0x00007ffb0e800000 - 0x00007ffb0e818000 	C:\WINDOWS\SYSTEM32\CRYPTSP.dll
0x00007ffb0df40000 - 0x00007ffb0df74000 	C:\WINDOWS\system32\rsaenh.dll
0x00007ffb0ef30000 - 0x00007ffb0ef57000 	C:\WINDOWS\System32\bcrypt.dll
0x00007ffb0f2e0000 - 0x00007ffb0f363000 	C:\WINDOWS\System32\bcryptPrimitives.dll
0x0000000073fa0000 - 0x0000000073fe1000 	J:\java8\jre\bin\glass.dll
0x00007ffb11650000 - 0x00007ffb1172a000 	C:\WINDOWS\System32\COMDLG32.dll
0x00007ffb10010000 - 0x00007ffb1013a000 	C:\WINDOWS\System32\ole32.dll
0x00007ffb10140000 - 0x00007ffb1020d000 	C:\WINDOWS\System32\OLEAUT32.dll
0x00007ffb10940000 - 0x00007ffb10a55000 	C:\WINDOWS\System32\MSCTF.dll
0x00007ffaf7990000 - 0x00007ffaf7c53000 	C:\WINDOWS\system32\nvspcap64.dll
0x00007ffb0db50000 - 0x00007ffb0db83000 	C:\WINDOWS\SYSTEM32\ntmarta.dll
0x00007ffb0d720000 - 0x00007ffb0d743000 	C:\WINDOWS\SYSTEM32\gpapi.dll
0x00007ffb09f20000 - 0x00007ffb09f5b000 	C:\WINDOWS\SYSTEM32\dxcore.dll
0x00007ffb0eeb0000 - 0x00007ffb0eefe000 	C:\WINDOWS\System32\cfgmgr32.dll
0x00000000740c0000 - 0x00000000740da000 	J:\java8\jre\bin\net.dll
0x0000000073f80000 - 0x0000000073f95000 	J:\java8\jre\bin\javafx_font.dll
0x00007ffb02090000 - 0x00007ffb0230f000 	C:\WINDOWS\SYSTEM32\dwrite.dll
0x00007ffb0edb0000 - 0x00007ffb0edde000 	C:\WINDOWS\SYSTEM32\USERENV.dll
0x00007ffb0e2b0000 - 0x00007ffb0e2eb000 	C:\WINDOWS\SYSTEM32\IPHLPAPI.DLL
0x00007ffb10bc0000 - 0x00007ffb10bc8000 	C:\WINDOWS\System32\NSI.dll
0x00007ffb098b0000 - 0x00007ffb098c7000 	C:\WINDOWS\SYSTEM32\dhcpcsvc6.DLL
0x00007ffb09420000 - 0x00007ffb0943d000 	C:\WINDOWS\SYSTEM32\dhcpcsvc.DLL
0x00007ffb0e300000 - 0x00007ffb0e3cc000 	C:\WINDOWS\SYSTEM32\DNSAPI.dll
0x00000000740a0000 - 0x00000000740b1000 	J:\java8\jre\bin\nio.dll
0x0000000067780000 - 0x0000000067856000 	K:\Temp\sqlite-3.32.3-0c058db4-4547-4c74-b373-6e51367587c2-sqlitejdbc.dll
0x00007ffb10210000 - 0x00007ffb102b9000 	C:\WINDOWS\System32\clbcatq.dll
0x00007ffb08c10000 - 0x00007ffb08dc4000 	C:\WINDOWS\SYSTEM32\WindowsCodecs.dll
0x00007ffae85f0000 - 0x00007ffae862e000 	C:\WINDOWS\system32\dataexchange.dll
0x00007ffb0bbd0000 - 0x00007ffb0bdb6000 	C:\WINDOWS\system32\dcomp.dll
0x00007ffb0ade0000 - 0x00007ffb0b044000 	C:\WINDOWS\system32\d3d11.dll
0x00007ffb0d750000 - 0x00007ffb0d844000 	C:\WINDOWS\system32\dxgi.dll
0x00007ffb091b0000 - 0x00007ffb093b1000 	C:\WINDOWS\system32\twinapi.appcore.dll
0x00007ffae8e50000 - 0x00007ffae8e84000 	C:\Program Files\Common Files\Microsoft Shared\Ink\rtscom.dll
0x00007ffb02a90000 - 0x00007ffb02b89000 	C:\WINDOWS\SYSTEM32\textinputframework.dll
0x00007ffb0c4a0000 - 0x00007ffb0c592000 	C:\WINDOWS\System32\CoreMessaging.dll
0x00007ffb0c140000 - 0x00007ffb0c49e000 	C:\WINDOWS\System32\CoreUIComponents.dll
0x00007ffb0ba70000 - 0x00007ffb0bbc4000 	C:\WINDOWS\SYSTEM32\wintypes.dll
0x00007ffb05240000 - 0x00007ffb052a6000 	C:\WINDOWS\system32\Oleacc.dll
0x0000000073f60000 - 0x0000000073f71000 	J:\java8\jre\bin\prism_common.dll
0x00007ffb01ea0000 - 0x00007ffb02084000 	C:\WINDOWS\SYSTEM32\dbghelp.dll

VM Arguments:
jvm_args: -agentlib:jdwp=transport=dt_socket,address=127.0.0.1:56848,suspend=y,server=n -javaagent:C:\Users\26jjk\AppData\Local\JetBrains\IntelliJIdea2021.1\captureAgent\debugger-agent.jar -Dfile.encoding=UTF-8 
java_command: com.pde.SocketServer.GUI.IndexWindow
java_class_path (initial): J:\java8\jre\lib\charsets.jar;J:\java8\jre\lib\deploy.jar;J:\java8\jre\lib\ext\access-bridge-64.jar;J:\java8\jre\lib\ext\cldrdata.jar;J:\java8\jre\lib\ext\dnsns.jar;J:\java8\jre\lib\ext\jaccess.jar;J:\java8\jre\lib\ext\jfxrt.jar;J:\java8\jre\lib\ext\localedata.jar;J:\java8\jre\lib\ext\nashorn.jar;J:\java8\jre\lib\ext\sunec.jar;J:\java8\jre\lib\ext\sunjce_provider.jar;J:\java8\jre\lib\ext\sunmscapi.jar;J:\java8\jre\lib\ext\sunpkcs11.jar;J:\java8\jre\lib\ext\zipfs.jar;J:\java8\jre\lib\javaws.jar;J:\java8\jre\lib\jce.jar;J:\java8\jre\lib\jfr.jar;J:\java8\jre\lib\jfxswt.jar;J:\java8\jre\lib\jsse.jar;J:\java8\jre\lib\management-agent.jar;J:\java8\jre\lib\plugin.jar;J:\java8\jre\lib\resources.jar;J:\java8\jre\lib\rt.jar;I:\code\java\SocketServer\target\classes;C:\Users\26jjk\.m2\repository\org\xerial\sqlite-jdbc\3.32.3\sqlite-jdbc-3.32.3.jar;C:\Users\26jjk\.m2\repository\org\mybatis\mybatis\3.5.5\mybatis-3.5.5.jar;I:\Program Files\JetBrains\IntelliJ IDEA 2021.1.2\lib\idea_rt.jar;C:\Users\26jjk\AppData\Local\JetBrains\IntelliJIdea2021.1\captureAgent\debugger-agent.jar
Launcher Type: SUN_STANDARD

Environment Variables:
JAVA_HOME=J:\java8
CLASSPATH=H:\LINGO64_18\Lingo18.jar;H:\LINGO64_17\Lingo17.jar
USERNAME=26jjk
OS=Windows_NT
PROCESSOR_IDENTIFIER=Intel64 Family 6 Model 158 Stepping 13, GenuineIntel



---------------  S Y S T E M  ---------------

OS: Windows 10.0 , 64 bit Build 19041 (10.0.19041.1023)

CPU:total 8 (8 cores per cpu, 1 threads per core) family 6 model 158 stepping 13, cmov, cx8, fxsr, mmx, sse, sse2, sse3, ssse3, sse4.1, sse4.2, popcnt, avx, avx2, aes, clmul, erms, rtm, 3dnowpref, lzcnt, tsc, tscinvbit, bmi1, bmi2, adx

Memory: 4k page, physical 50264540k(32905120k free), swap 91470300k(64954828k free)

vm_info: Java HotSpot(TM) 64-Bit Server VM (25.45-b02) for windows-amd64 JRE (1.8.0_45-b14), built on Apr 10 2015 10:34:15 by "java_re" with MS VC++ 10.0 (VS2010)

time: Thu Jul 29 23:44:17 2021
elapsed time: 49 seconds (0d 0h 0m 49s)

